<?xml version="1.0" encoding="UTF-8"?>
<testsuite xmlns:xsi="http://www.w3.org/2001/XMLSchema-instance" xsi:noNamespaceSchemaLocation="https://maven.apache.org/surefire/maven-surefire-plugin/xsd/surefire-test-report.xsd" name="sisi.TournoiTest" time="0.001" tests="1" errors="0" skipped="0" failures="1">
  <properties>
[...]
</properties>
  <testcase name="testOrganiserTournoi" classname="sisi.TournoiTest" time="0.001">
    <failure message="on peut pas rganise r" type="java.lang.AssertionError">java.lang.AssertionError: on peut pas rganise r
	at sisi.TournoiTest.testOrganiserTournoi(TournoiTest.java:11)
</failure>
  </testcase>
</testsuite>